\BOOKMARK [1][-]{section.1}{Introduction}{}% 1
\BOOKMARK [1][-]{section.2}{Methodology}{}% 2
\BOOKMARK [2][-]{subsection.2.1}{Soft-Dynamic Time Warping and K-means algorithm}{section.2}% 3
\BOOKMARK [2][-]{subsection.2.2}{Global Alignment Kernel and Kernel K-Means}{section.2}% 4
\BOOKMARK [2][-]{subsection.2.3}{Simple moving average}{section.2}% 5
\BOOKMARK [1][-]{section.3}{Promenade Des Anglais}{}% 6
\BOOKMARK [2][-]{subsection.3.1}{2019}{section.3}% 7
\BOOKMARK [3][-]{subsubsection.3.1.1}{C601}{subsection.3.1}% 8
\BOOKMARK [3][-]{subsubsection.3.1.2}{C009/C094}{subsection.3.1}% 9
\BOOKMARK [2][-]{subsection.3.2}{2020}{section.3}% 10
\BOOKMARK [2][-]{subsection.3.3}{Comparison between 2020 and 2019}{section.3}% 11
\BOOKMARK [1][-]{section.4}{Voie Mathis}{}% 12
\BOOKMARK [2][-]{subsection.4.1}{comparison between first and second perspective}{section.4}% 13
\BOOKMARK [2][-]{subsection.4.2}{Train and Test validation of the first perspective}{section.4}% 14
\BOOKMARK [2][-]{subsection.4.3}{2020 Impact of second lockdown with the first perspective}{section.4}% 15
\BOOKMARK [1][-]{section.5}{Conclusion}{}% 16
\BOOKMARK [1][-]{section.6}{Appendix}{}% 17
\BOOKMARK [2][-]{subsection.6.1}{ Promenade Des Anglais out of order detectors}{section.6}% 18
\BOOKMARK [3][-]{subsubsection.6.1.1}{2019}{subsection.6.1}% 19
\BOOKMARK [3][-]{subsubsection.6.1.2}{2020}{subsection.6.1}% 20
\BOOKMARK [2][-]{subsection.6.2}{Voie Mathis out of order detectors}{section.6}% 21
\BOOKMARK [3][-]{subsubsection.6.2.1}{2019}{subsection.6.2}% 22
\BOOKMARK [3][-]{subsubsection.6.2.2}{2020}{subsection.6.2}% 23
